CRITICAL - 2026-06-24 02:35:40 --> Error: Class "Locale" not found
[Method: GET, Route: /]
in SYSTEMPATH\CodeIgniter.php on line 189.
 1 SYSTEMPATH\Boot.php(404): CodeIgniter\CodeIgniter->initialize()
 2 SYSTEMPATH\Boot.php(163): CodeIgniter\Boot::initializeCodeIgniter()
 3 ROOTPATH\spark(87): CodeIgniter\Boot::bootSpark(Object(Config\Paths))
CRITICAL - 2026-06-24 02:35:40 --> ErrorException: Uncaught Error: Class "Locale" not found in C:\Xampp\htdocs\UAS_Web2_NIM_AlipianiDwiPutri\backend-api\vendor\codeigniter4\framework\system\I18n\TimeTrait.php:75
Stack trace:
#0 C:\Xampp\htdocs\UAS_Web2_NIM_AlipianiDwiPutri\backend-api\vendor\codeigniter4\framework\system\I18n\TimeTrait.php(116): CodeIgniter\I18n\Time->__construct(NULL, NULL, NULL)
#1 C:\Xampp\htdocs\UAS_Web2_NIM_AlipianiDwiPutri\backend-api\vendor\codeigniter4\framework\system\HTTP\ResponseTrait.php(394): CodeIgniter\I18n\Time::now()
#2 C:\Xampp\htdocs\UAS_Web2_NIM_AlipianiDwiPutri\backend-api\vendor\codeigniter4\framework\system\HTTP\ResponseTrait.php(372): CodeIgniter\HTTP\Response->sendHeaders()
#3 C:\Xampp\htdocs\UAS_Web2_NIM_AlipianiDwiPutri\backend-api\vendor\codeigniter4\framework\system\Debug\ExceptionHandler.php(95): CodeIgniter\HTTP\Response->send()
#4 C:\Xampp\htdocs\UAS_Web2_NIM_AlipianiDwiPutri\backend-api\vendor\codeigniter4\framework\system\Debug\Exceptions.php(151): CodeIgniter\Debug\ExceptionHandler->handle(Object(Error), Object(CodeIgniter\HTTP\IncomingRequest), Object(CodeIgniter\HTTP\Response), 500, 1)
#5 [internal function]: CodeIgniter\Debug\Exceptions->exceptionHandler(Object(Error))
#6 {main}
  thrown
【Previous Exception】
Error
Class "Locale" not found
#0 C:\Xampp\htdocs\UAS_Web2_NIM_AlipianiDwiPutri\backend-api\vendor\codeigniter4\framework\system\Boot.php(404): CodeIgniter\CodeIgniter->initialize()
#1 C:\Xampp\htdocs\UAS_Web2_NIM_AlipianiDwiPutri\backend-api\vendor\codeigniter4\framework\system\Boot.php(163): CodeIgniter\Boot::initializeCodeIgniter()
#2 C:\Xampp\htdocs\UAS_Web2_NIM_AlipianiDwiPutri\backend-api\spark(87): CodeIgniter\Boot::bootSpark(Object(Config\Paths))
#3 {main}
[Method: GET, Route: /]
in SYSTEMPATH\I18n\TimeTrait.php on line 75.
 1 [internal function]: CodeIgniter\Debug\Exceptions->shutdownHandler()
